<?xml version="1.0" encoding="UTF-8"?>
<testng-results skipped="0" failed="0" total="1" passed="1">
  <reporter-output>
  </reporter-output>
  <suite name="Default suite" duration-ms="33253" started-at="2017-07-18T09:01:54Z" finished-at="2017-07-18T09:02:27Z">
    <groups>
    </groups>
    <test name="Default test" duration-ms="33253" started-at="2017-07-18T09:01:54Z" finished-at="2017-07-18T09:02:27Z">
      <class name="com.automation.scripts.httpheader">
        <test-method status="PASS" signature="setUp()[pri:0, instance:com.automation.scripts.httpheader@402a079c]" name="setUp" is-config="true" duration-ms="20341" started-at="2017-07-18T14:31:54Z" finished-at="2017-07-18T14:32:14Z">
          <reporter-output>
          </reporter-output>
        </test-method> <!-- setUp -->
        <test-method status="PASS" signature="testCaseOne()[pri:0, instance:com.automation.scripts.httpheader@402a079c]" name="testCaseOne" duration-ms="20" started-at="2017-07-18T14:32:14Z" finished-at="2017-07-18T14:32:14Z">
          <reporter-output>
          </reporter-output>
        </test-method> <!-- testCaseOne -->
        <test-method status="PASS" signature="tearDown()[pri:0, instance:com.automation.scripts.httpheader@402a079c]" name="tearDown" is-config="true" duration-ms="12865" started-at="2017-07-18T14:32:14Z" finished-at="2017-07-18T14:32:27Z">
          <reporter-output>
          </reporter-output>
        </test-method> <!-- tearDown -->
      </class> <!-- com.automation.scripts.httpheader -->
    </test> <!-- Default test -->
  </suite> <!-- Default suite -->
</testng-results>
